{"C:\\Users\\fawaz\\OneDrive\\Desktop\\forum-backend-group13\\src\\application\\use-cases\\CreateComment.ts": {"path":"C:\\Users\\fawaz\\OneDrive\\Desktop\\forum-backend-group13\\src\\application\\use-cases\\CreateComment.ts","statementMap":{"0":{"start":{"line":4,"column":22},"end":{"line":4,"column":59}},"1":{"start":{"line":7,"column":4},"end":{"line":7,"column":60}},"2":{"start":{"line":3,"column":0},"end":{"line":3,"column":13}}},"fnMap":{"0":{"name":"(anonymous_0)","decl":{"start":{"line":4,"column":2},"end":{"line":4,"column":22}},"loc":{"start":{"line":4,"column":59},"end":{"line":4,"column":63}}},"1":{"name":"(anonymous_1)","decl":{"start":{"line":6,"column":2},"end":{"line":6,"column":7}},"loc":{"start":{"line":6,"column":73},"end":{"line":8,"column":3}}}},"branchMap":{},"s":{"0":1,"1":1,"2":1},"f":{"0":1,"1":1},"b":{}}
,"C:\\Users\\fawaz\\OneDrive\\Desktop\\forum-backend-group13\\src\\application\\use-cases\\CreatePost.ts": {"path":"C:\\Users\\fawaz\\OneDrive\\Desktop\\forum-backend-group13\\src\\application\\use-cases\\CreatePost.ts","statementMap":{"0":{"start":{"line":4,"column":22},"end":{"line":4,"column":53}},"1":{"start":{"line":7,"column":4},"end":{"line":7,"column":54}},"2":{"start":{"line":3,"column":0},"end":{"line":3,"column":13}}},"fnMap":{"0":{"name":"(anonymous_0)","decl":{"start":{"line":4,"column":2},"end":{"line":4,"column":22}},"loc":{"start":{"line":4,"column":53},"end":{"line":4,"column":57}}},"1":{"name":"(anonymous_1)","decl":{"start":{"line":6,"column":2},"end":{"line":6,"column":7}},"loc":{"start":{"line":6,"column":72},"end":{"line":8,"column":3}}}},"branchMap":{},"s":{"0":1,"1":1,"2":1},"f":{"0":1,"1":1},"b":{}}
,"C:\\Users\\fawaz\\OneDrive\\Desktop\\forum-backend-group13\\src\\application\\use-cases\\DeleteComment.ts": {"path":"C:\\Users\\fawaz\\OneDrive\\Desktop\\forum-backend-group13\\src\\application\\use-cases\\DeleteComment.ts","statementMap":{"0":{"start":{"line":4,"column":22},"end":{"line":4,"column":59}},"1":{"start":{"line":7,"column":20},"end":{"line":7,"column":67}},"2":{"start":{"line":9,"column":4},"end":{"line":11,"column":5}},"3":{"start":{"line":10,"column":6},"end":{"line":10,"column":43}},"4":{"start":{"line":13,"column":4},"end":{"line":15,"column":5}},"5":{"start":{"line":14,"column":6},"end":{"line":14,"column":77}},"6":{"start":{"line":17,"column":4},"end":{"line":17,"column":58}},"7":{"start":{"line":3,"column":0},"end":{"line":3,"column":13}}},"fnMap":{"0":{"name":"(anonymous_0)","decl":{"start":{"line":4,"column":2},"end":{"line":4,"column":22}},"loc":{"start":{"line":4,"column":59},"end":{"line":4,"column":63}}},"1":{"name":"(anonymous_1)","decl":{"start":{"line":6,"column":2},"end":{"line":6,"column":7}},"loc":{"start":{"line":6,"column":42},"end":{"line":18,"column":3}}}},"branchMap":{"0":{"loc":{"start":{"line":9,"column":4},"end":{"line":11,"column":5}},"type":"if","locations":[{"start":{"line":9,"column":4},"end":{"line":11,"column":5}}]},"1":{"loc":{"start":{"line":13,"column":4},"end":{"line":15,"column":5}},"type":"if","locations":[{"start":{"line":13,"column":4},"end":{"line":15,"column":5}}]}},"s":{"0":3,"1":3,"2":3,"3":1,"4":2,"5":1,"6":1,"7":1},"f":{"0":3,"1":3},"b":{"0":[1],"1":[1]}}
,"C:\\Users\\fawaz\\OneDrive\\Desktop\\forum-backend-group13\\src\\application\\use-cases\\DeletePost.ts": {"path":"C:\\Users\\fawaz\\OneDrive\\Desktop\\forum-backend-group13\\src\\application\\use-cases\\DeletePost.ts","statementMap":{"0":{"start":{"line":4,"column":22},"end":{"line":4,"column":53}},"1":{"start":{"line":7,"column":17},"end":{"line":7,"column":58}},"2":{"start":{"line":9,"column":4},"end":{"line":11,"column":5}},"3":{"start":{"line":10,"column":6},"end":{"line":10,"column":40}},"4":{"start":{"line":13,"column":4},"end":{"line":15,"column":5}},"5":{"start":{"line":14,"column":6},"end":{"line":14,"column":74}},"6":{"start":{"line":17,"column":4},"end":{"line":17,"column":52}},"7":{"start":{"line":3,"column":0},"end":{"line":3,"column":13}}},"fnMap":{"0":{"name":"(anonymous_0)","decl":{"start":{"line":4,"column":2},"end":{"line":4,"column":22}},"loc":{"start":{"line":4,"column":53},"end":{"line":4,"column":57}}},"1":{"name":"(anonymous_1)","decl":{"start":{"line":6,"column":2},"end":{"line":6,"column":7}},"loc":{"start":{"line":6,"column":42},"end":{"line":18,"column":3}}}},"branchMap":{"0":{"loc":{"start":{"line":9,"column":4},"end":{"line":11,"column":5}},"type":"if","locations":[{"start":{"line":9,"column":4},"end":{"line":11,"column":5}}]},"1":{"loc":{"start":{"line":13,"column":4},"end":{"line":15,"column":5}},"type":"if","locations":[{"start":{"line":13,"column":4},"end":{"line":15,"column":5}}]}},"s":{"0":3,"1":3,"2":3,"3":1,"4":2,"5":1,"6":1,"7":1},"f":{"0":3,"1":3},"b":{"0":[1],"1":[1]}}
,"C:\\Users\\fawaz\\OneDrive\\Desktop\\forum-backend-group13\\src\\application\\use-cases\\GetComments.ts": {"path":"C:\\Users\\fawaz\\OneDrive\\Desktop\\forum-backend-group13\\src\\application\\use-cases\\GetComments.ts","statementMap":{"0":{"start":{"line":4,"column":22},"end":{"line":4,"column":59}},"1":{"start":{"line":7,"column":4},"end":{"line":7,"column":66}},"2":{"start":{"line":3,"column":0},"end":{"line":3,"column":13}}},"fnMap":{"0":{"name":"(anonymous_0)","decl":{"start":{"line":4,"column":2},"end":{"line":4,"column":22}},"loc":{"start":{"line":4,"column":59},"end":{"line":4,"column":63}}},"1":{"name":"(anonymous_1)","decl":{"start":{"line":6,"column":2},"end":{"line":6,"column":7}},"loc":{"start":{"line":6,"column":30},"end":{"line":8,"column":3}}}},"branchMap":{},"s":{"0":2,"1":2,"2":1},"f":{"0":2,"1":2},"b":{}}
,"C:\\Users\\fawaz\\OneDrive\\Desktop\\forum-backend-group13\\src\\application\\use-cases\\GetPostById.ts": {"path":"C:\\Users\\fawaz\\OneDrive\\Desktop\\forum-backend-group13\\src\\application\\use-cases\\GetPostById.ts","statementMap":{"0":{"start":{"line":4,"column":22},"end":{"line":4,"column":53}},"1":{"start":{"line":7,"column":4},"end":{"line":7,"column":53}},"2":{"start":{"line":3,"column":0},"end":{"line":3,"column":13}}},"fnMap":{"0":{"name":"(anonymous_0)","decl":{"start":{"line":4,"column":2},"end":{"line":4,"column":22}},"loc":{"start":{"line":4,"column":53},"end":{"line":4,"column":57}}},"1":{"name":"(anonymous_1)","decl":{"start":{"line":6,"column":2},"end":{"line":6,"column":7}},"loc":{"start":{"line":6,"column":26},"end":{"line":8,"column":3}}}},"branchMap":{},"s":{"0":2,"1":2,"2":1},"f":{"0":2,"1":2},"b":{}}
,"C:\\Users\\fawaz\\OneDrive\\Desktop\\forum-backend-group13\\src\\application\\use-cases\\GetPosts.ts": {"path":"C:\\Users\\fawaz\\OneDrive\\Desktop\\forum-backend-group13\\src\\application\\use-cases\\GetPosts.ts","statementMap":{"0":{"start":{"line":4,"column":22},"end":{"line":4,"column":53}},"1":{"start":{"line":7,"column":4},"end":{"line":7,"column":51}},"2":{"start":{"line":3,"column":0},"end":{"line":3,"column":13}}},"fnMap":{"0":{"name":"(anonymous_0)","decl":{"start":{"line":4,"column":2},"end":{"line":4,"column":22}},"loc":{"start":{"line":4,"column":53},"end":{"line":4,"column":57}}},"1":{"name":"(anonymous_1)","decl":{"start":{"line":6,"column":2},"end":{"line":6,"column":7}},"loc":{"start":{"line":6,"column":15},"end":{"line":8,"column":3}}}},"branchMap":{},"s":{"0":2,"1":2,"2":1},"f":{"0":2,"1":2},"b":{}}
,"C:\\Users\\fawaz\\OneDrive\\Desktop\\forum-backend-group13\\src\\application\\use-cases\\LoginUser.ts": {"path":"C:\\Users\\fawaz\\OneDrive\\Desktop\\forum-backend-group13\\src\\application\\use-cases\\LoginUser.ts","statementMap":{"0":{"start":{"line":2,"column":0},"end":{"line":2,"column":30}},"1":{"start":{"line":3,"column":0},"end":{"line":3,"column":31}},"2":{"start":{"line":6,"column":22},"end":{"line":6,"column":53}},"3":{"start":{"line":9,"column":17},"end":{"line":9,"column":61}},"4":{"start":{"line":11,"column":4},"end":{"line":13,"column":5}},"5":{"start":{"line":12,"column":6},"end":{"line":12,"column":51}},"6":{"start":{"line":15,"column":28},"end":{"line":15,"column":73}},"7":{"start":{"line":17,"column":4},"end":{"line":19,"column":5}},"8":{"start":{"line":18,"column":6},"end":{"line":18,"column":51}},"9":{"start":{"line":21,"column":22},"end":{"line":21,"column":44}},"10":{"start":{"line":23,"column":4},"end":{"line":25,"column":5}},"11":{"start":{"line":24,"column":6},"end":{"line":24,"column":51}},"12":{"start":{"line":27,"column":18},"end":{"line":34,"column":null}},"13":{"start":{"line":37,"column":4},"end":{"line":45,"column":6}},"14":{"start":{"line":5,"column":0},"end":{"line":5,"column":13}}},"fnMap":{"0":{"name":"(anonymous_1)","decl":{"start":{"line":6,"column":2},"end":{"line":6,"column":22}},"loc":{"start":{"line":6,"column":53},"end":{"line":6,"column":57}}},"1":{"name":"(anonymous_2)","decl":{"start":{"line":8,"column":2},"end":{"line":8,"column":7}},"loc":{"start":{"line":8,"column":47},"end":{"line":46,"column":3}}}},"branchMap":{"0":{"loc":{"start":{"line":11,"column":4},"end":{"line":13,"column":5}},"type":"if","locations":[{"start":{"line":11,"column":4},"end":{"line":13,"column":5}}]},"1":{"loc":{"start":{"line":17,"column":4},"end":{"line":19,"column":5}},"type":"if","locations":[{"start":{"line":17,"column":4},"end":{"line":19,"column":5}}]},"2":{"loc":{"start":{"line":23,"column":4},"end":{"line":25,"column":5}},"type":"if","locations":[{"start":{"line":23,"column":4},"end":{"line":25,"column":5}}]}},"s":{"0":1,"1":1,"2":4,"3":4,"4":4,"5":1,"6":3,"7":3,"8":1,"9":2,"10":2,"11":1,"12":1,"13":1,"14":1},"f":{"0":4,"1":4},"b":{"0":[1],"1":[1],"2":[1]}}
,"C:\\Users\\fawaz\\OneDrive\\Desktop\\forum-backend-group13\\src\\application\\use-cases\\RegisterUser.ts": {"path":"C:\\Users\\fawaz\\OneDrive\\Desktop\\forum-backend-group13\\src\\application\\use-cases\\RegisterUser.ts","statementMap":{"0":{"start":{"line":3,"column":0},"end":{"line":3,"column":30}},"1":{"start":{"line":6,"column":22},"end":{"line":6,"column":53}},"2":{"start":{"line":9,"column":25},"end":{"line":9,"column":69}},"3":{"start":{"line":11,"column":4},"end":{"line":13,"column":5}},"4":{"start":{"line":12,"column":6},"end":{"line":12,"column":45}},"5":{"start":{"line":15,"column":27},"end":{"line":15,"column":58}},"6":{"start":{"line":17,"column":23},"end":{"line":22,"column":6}},"7":{"start":{"line":24,"column":4},"end":{"line":24,"column":50}},"8":{"start":{"line":5,"column":0},"end":{"line":5,"column":13}}},"fnMap":{"0":{"name":"(anonymous_1)","decl":{"start":{"line":6,"column":2},"end":{"line":6,"column":22}},"loc":{"start":{"line":6,"column":53},"end":{"line":6,"column":57}}},"1":{"name":"(anonymous_2)","decl":{"start":{"line":8,"column":2},"end":{"line":8,"column":7}},"loc":{"start":{"line":8,"column":61},"end":{"line":25,"column":3}}}},"branchMap":{"0":{"loc":{"start":{"line":11,"column":4},"end":{"line":13,"column":5}},"type":"if","locations":[{"start":{"line":11,"column":4},"end":{"line":13,"column":5}}]}},"s":{"0":1,"1":2,"2":2,"3":2,"4":1,"5":1,"6":1,"7":1,"8":1},"f":{"0":2,"1":2},"b":{"0":[1]}}
,"C:\\Users\\fawaz\\OneDrive\\Desktop\\forum-backend-group13\\src\\application\\use-cases\\UpdateComment.ts": {"path":"C:\\Users\\fawaz\\OneDrive\\Desktop\\forum-backend-group13\\src\\application\\use-cases\\UpdateComment.ts","statementMap":{"0":{"start":{"line":4,"column":22},"end":{"line":4,"column":59}},"1":{"start":{"line":7,"column":20},"end":{"line":7,"column":67}},"2":{"start":{"line":9,"column":4},"end":{"line":11,"column":5}},"3":{"start":{"line":10,"column":6},"end":{"line":10,"column":43}},"4":{"start":{"line":13,"column":4},"end":{"line":15,"column":5}},"5":{"start":{"line":14,"column":6},"end":{"line":14,"column":75}},"6":{"start":{"line":17,"column":4},"end":{"line":17,"column":67}},"7":{"start":{"line":3,"column":0},"end":{"line":3,"column":13}}},"fnMap":{"0":{"name":"(anonymous_0)","decl":{"start":{"line":4,"column":2},"end":{"line":4,"column":22}},"loc":{"start":{"line":4,"column":59},"end":{"line":4,"column":63}}},"1":{"name":"(anonymous_1)","decl":{"start":{"line":6,"column":2},"end":{"line":6,"column":7}},"loc":{"start":{"line":6,"column":59},"end":{"line":18,"column":3}}}},"branchMap":{"0":{"loc":{"start":{"line":9,"column":4},"end":{"line":11,"column":5}},"type":"if","locations":[{"start":{"line":9,"column":4},"end":{"line":11,"column":5}}]},"1":{"loc":{"start":{"line":13,"column":4},"end":{"line":15,"column":5}},"type":"if","locations":[{"start":{"line":13,"column":4},"end":{"line":15,"column":5}}]}},"s":{"0":3,"1":3,"2":3,"3":1,"4":2,"5":1,"6":1,"7":1},"f":{"0":3,"1":3},"b":{"0":[1],"1":[1]}}
,"C:\\Users\\fawaz\\OneDrive\\Desktop\\forum-backend-group13\\src\\application\\use-cases\\UpdatePost.ts": {"path":"C:\\Users\\fawaz\\OneDrive\\Desktop\\forum-backend-group13\\src\\application\\use-cases\\UpdatePost.ts","statementMap":{"0":{"start":{"line":4,"column":22},"end":{"line":4,"column":53}},"1":{"start":{"line":7,"column":17},"end":{"line":7,"column":58}},"2":{"start":{"line":9,"column":4},"end":{"line":11,"column":5}},"3":{"start":{"line":10,"column":6},"end":{"line":10,"column":40}},"4":{"start":{"line":13,"column":4},"end":{"line":15,"column":5}},"5":{"start":{"line":14,"column":6},"end":{"line":14,"column":72}},"6":{"start":{"line":17,"column":4},"end":{"line":17,"column":58}},"7":{"start":{"line":3,"column":0},"end":{"line":3,"column":13}}},"fnMap":{"0":{"name":"(anonymous_0)","decl":{"start":{"line":4,"column":2},"end":{"line":4,"column":22}},"loc":{"start":{"line":4,"column":53},"end":{"line":4,"column":57}}},"1":{"name":"(anonymous_1)","decl":{"start":{"line":6,"column":2},"end":{"line":6,"column":7}},"loc":{"start":{"line":6,"column":86},"end":{"line":18,"column":3}}}},"branchMap":{"0":{"loc":{"start":{"line":9,"column":4},"end":{"line":11,"column":5}},"type":"if","locations":[{"start":{"line":9,"column":4},"end":{"line":11,"column":5}}]},"1":{"loc":{"start":{"line":13,"column":4},"end":{"line":15,"column":5}},"type":"if","locations":[{"start":{"line":13,"column":4},"end":{"line":15,"column":5}}]}},"s":{"0":3,"1":3,"2":3,"3":1,"4":2,"5":1,"6":1,"7":1},"f":{"0":3,"1":3},"b":{"0":[1],"1":[1]}}
}
